WebSocket server started at 2023-09-18 16:19:57
WebSocket server opened at 2023-09-18 16:20:06
WebSocket server opened at 2023-09-18 16:24:28
WebSocket server opened at 2023-09-18 16:32:07
WebSocket server opened at 2023-09-18 16:32:21
WebSocket server started at 2023-09-18 16:33:52
WebSocket server opened at 2023-09-18 16:33:55
WebSocket server opened at 2023-09-18 16:34:34
WebSocket server started at 2023-09-18 16:34:56
WebSocket server opened at 2023-09-18 16:41:01
WebSocket server opened at 2023-09-18 16:43:52
WebSocket server opened at 2023-09-18 16:43:59
WebSocket server opened at 2023-09-18 16:45:56
WebSocket server opened at 2023-09-18 16:45:59
WebSocket server opened at 2023-09-18 16:50:06
WebSocket server opened at 2023-09-18 16:55:04
WebSocket server opened at 2023-09-18 16:58:31
WebSocket server opened at 2023-09-18 17:11:20
WebSocket server opened at 2023-09-18 17:11:48
WebSocket server opened at 2023-09-18 17:13:17
WebSocket server started at 2023-09-18 17:14:55
WebSocket server opened at 2023-09-18 17:15:06
WebSocket server opened at 2023-09-18 17:17:46
WebSocket server started at 2023-09-18 17:18:21
WebSocket server opened at 2023-09-18 17:18:25
WebSocket server started at 2023-09-18 17:21:05
WebSocket server opened at 2023-09-18 17:21:14
WebSocket server started at 2023-09-18 17:21:50
WebSocket server opened at 2023-09-18 17:22:07
WebSocket server started at 2023-09-18 17:23:25
WebSocket server opened at 2023-09-18 17:23:33
Connection {$conn->resourceId} has disconnected\n
WebSocket server opened at 2023-09-18 17:24:00
Connection {$conn->resourceId} has disconnected\n
WebSocket server started at 2023-09-18 17:24:15
WebSocket server opened at 2023-09-18 17:24:22
Connection128has disconnected\n
WebSocket server started at 2023-09-18 17:25:23
WebSocket server opened at 2023-09-18 17:25:29
Connection 128 has disconnected\n
WebSocket server started at 2023-09-18 17:25:54
WebSocket server opened at 2023-09-18 17:26:00
Connection 128 has disconnected
WebSocket server started at 2023-09-18 17:26:48
WebSocket server opened at 2023-09-18 17:27:22
Connection 128 has disconnected2023-09-18 17:27:22
WebSocket server opened at 2023-09-19 12:43:53
Connection 244 has disconnected2023-09-19 12:43:53
WebSocket server opened at 2023-09-19 12:44:02
Connection 250 has disconnected2023-09-19 12:44:02
WebSocket server started at 2023-09-19 12:45:18
WebSocket server opened at 2023-09-19 12:48:34
Connection 128 has disconnected at 2023-09-19 12:48:34
WebSocket server opened at 2023-09-19 13:25:27
Connection 181 has disconnected at 2023-09-19 13:25:27
WebSocket server opened at 2023-09-19 13:27:18
WebSocket server opened at 2023-09-19 13:29:00
Connection 191 has disconnected at 2023-09-19 13:29:02
WebSocket server opened at 2023-09-19 13:29:03
Connection 196 has disconnected at 2023-09-19 13:37:39
Connection 187 has disconnected at 2023-09-19 13:37:39
WebSocket server opened at 2023-09-19 13:38:13
Connection 202 has disconnected at 2023-09-19 14:04:26
WebSocket server opened at 2023-09-19 14:06:49
Connection 207 has disconnected at 2023-09-19 14:07:04
WebSocket server opened at 2023-09-19 14:07:16
Connection 213 has disconnected at 2023-09-19 14:07:17
WebSocket server opened at 2023-09-19 14:09:10
Connection 218 has disconnected at 2023-09-19 14:11:02
WebSocket server opened at 2023-09-19 14:11:17
WebSocket server started at 2023-09-19 14:42:15
WebSocket server opened at 2023-09-19 14:42:25
Connection 128 has disconnected at 2023-09-19 14:43:08
WebSocket server opened at 2023-09-19 16:10:44
WebSocket server started at 2023-09-19 16:10:56
WebSocket server opened at 2023-09-19 16:11:00
WebSocket server opened at 2023-09-19 16:12:49
Connection 162 has disconnected at 2023-09-19 16:12:55
Connection 128 has disconnected at 2023-09-19 16:13:00
WebSocket server opened at 2023-09-19 16:13:19
WebSocket server opened at 2023-09-19 16:13:27
Connection 172 has disconnected at 2023-09-19 17:01:13
WebSocket server opened at 2023-09-19 17:01:13
WebSocket server started at 2023-09-19 17:01:22
WebSocket server opened at 2023-09-19 17:01:25
Connection 128 has disconnected at 2023-09-19 17:01:25
WebSocket server opened at 2023-09-19 17:12:25
Connection 181 has disconnected at 2023-09-19 17:12:26
WebSocket server opened at 2023-09-19 17:13:52
Connection 186 has disconnected at 2023-09-19 17:14:02
WebSocket server opened at 2023-09-19 17:29:17
Connection 192 has disconnected at 2023-09-19 17:29:17
WebSocket server opened at 2023-09-19 17:29:25
Connection 198 has disconnected at 2023-09-19 17:29:25
WebSocket server started at 2023-09-19 17:32:56
WebSocket server opened at 2023-09-19 17:33:03
WebSocket server opened at 2023-09-19 17:33:07
Connection 128 has disconnected at 2023-09-19 17:33:25
Connection 162 has disconnected at 2023-09-19 17:33:25
